Base path: 'C:/Program Files/Unity/Hub/Editor/2019.3.15f1/Editor/Data', plugins path 'C:/Program Files/Unity/Hub/Editor/2019.3.15f1/Editor/Data/PlaybackEngines'
Cmd: initializeCompiler
Cmd: preprocessCompute
  insize=7076 outsize=7075 ok=1
Cmd: compileComputeKernel
  api=4 insize=7075 outsize=4226 ok=1
Cmd: preprocessCompute
  insize=7378 outsize=7377 ok=1
Cmd: compileComputeKernel
  api=4 insize=7377 outsize=4226 ok=1
Cmd: preprocessCompute
  insize=7372 outsize=7371 ok=1
Cmd: compileComputeKernel
  error: 2 plat 4 at Movement.compute(109): syntax error: unexpected token 'float'
  error: 2 plat 4 at Movement.compute(118): undeclared identifier 'neighborCount'
  api=4 insize=7371 outsize=0 ok=0
Cmd: preprocessCompute
  insize=7373 outsize=7372 ok=1
Cmd: compileComputeKernel
  api=4 insize=7372 outsize=4226 ok=1
Cmd: preprocessCompute
  insize=7377 outsize=7376 ok=1
Cmd: compileComputeKernel
  api=4 insize=7376 outsize=4226 ok=1
Cmd: preprocessCompute
  insize=7377 outsize=7376 ok=1
Cmd: compileComputeKernel
  api=4 insize=7376 outsize=3670 ok=1
Cmd: preprocessCompute
  insize=7065 outsize=7064 ok=1
Cmd: compileComputeKernel
  api=4 insize=7064 outsize=4226 ok=1
Cmd: preprocessCompute
  insize=7052 outsize=7051 ok=1
Cmd: compileComputeKernel
  api=4 insize=7051 outsize=4226 ok=1
Cmd: preprocessCompute
  insize=7028 outsize=7027 ok=1
Cmd: compileComputeKernel
  api=4 insize=7027 outsize=4226 ok=1
Cmd: preprocessCompute
  insize=7262 outsize=7261 ok=1
Cmd: compileComputeKernel
  api=4 insize=7261 outsize=4212 ok=1
Cmd: preprocessCompute
  insize=7227 outsize=7226 ok=1
Cmd: compileComputeKernel
  api=4 insize=7226 outsize=4316 ok=1
Cmd: preprocessCompute
  insize=7265 outsize=7264 ok=1
Cmd: compileComputeKernel
  api=4 insize=7264 outsize=4316 ok=1
Cmd: preprocessCompute
  insize=7451 outsize=7450 ok=1
Cmd: compileComputeKernel
  api=4 insize=7450 outsize=4316 ok=1
Cmd: preprocessCompute
  insize=7505 outsize=7504 ok=1
Cmd: compileComputeKernel
  error: 2 plat 4 at Movement.compute(134): syntax error: unexpected token 'return'
  api=4 insize=7504 outsize=0 ok=0
Cmd: preprocessCompute
  insize=7507 outsize=7506 ok=1
Cmd: compileComputeKernel
  api=4 insize=7506 outsize=3832 ok=1
Cmd: preprocessCompute
  insize=7457 outsize=7456 ok=1
Cmd: compileComputeKernel
  api=4 insize=7456 outsize=3908 ok=1
Cmd: preprocessCompute
  insize=7473 outsize=7472 ok=1
Cmd: compileComputeKernel
  api=4 insize=7472 outsize=3936 ok=1
Cmd: preprocessCompute
  insize=7418 outsize=7417 ok=1
Cmd: compileComputeKernel
  api=4 insize=7417 outsize=4244 ok=1
Cmd: preprocessCompute
  insize=7436 outsize=7435 ok=1
Cmd: compileComputeKernel
  error: 2 plat 4 at Movement.compute(227): undeclared identifier '_pusherPosition'
  api=4 insize=7435 outsize=0 ok=0
Cmd: preprocessCompute
  insize=7436 outsize=7435 ok=1
Cmd: compileComputeKernel
  api=4 insize=7435 outsize=4315 ok=1
Cmd: preprocessCompute
  insize=7418 outsize=7417 ok=1
