Base path: 'C:/Program Files/Unity/Hub/Editor/2019.3.15f1/Editor/Data', plugins path 'C:/Program Files/Unity/Hub/Editor/2019.3.15f1/Editor/Data/PlaybackEngines'
Cmd: initializeCompiler
Cmd: compileComputeKernel
  error: 2 plat 4 at Movement.compute(186): 'getCohVector': no matching 7 parameter function
  error: 1 plat 4 at Movement.compute(186): 'getCohVector': implicit truncation of vector type
  api=4 insize=8037 outsize=0 ok=0
Cmd: compileComputeKernel
  error: 1 plat 4 at Movement.compute(172): race condition writing to shared resource detected, note that threads will be writing the same value, but performance may be diminished due to contention.
  error: 1 plat 4 at Movement.compute(173): race condition writing to shared resource detected, note that threads will be writing the same value, but performance may be diminished due to contention.
  error: 1 plat 4 at Movement.compute(174): race condition writing to shared resource detected, note that threads will be writing the same value, but performance may be diminished due to contention.
  error: 1 plat 4 at Movement.compute(175): race condition writing to shared resource detected, note that threads will be writing the same value, but performance may be diminished due to contention.
  error: 1 plat 4 at Movement.compute(176): race condition writing to shared resource detected, note that threads will be writing the same value, but performance may be diminished due to contention.
  error: 1 plat 4 at Movement.compute(177): race condition writing to shared resource detected, note that threads will be writing the same value, but performance may be diminished due to contention.
  error: 1 plat 4 at Movement.compute(178): race condition writing to shared resource detected, note that threads will be writing the same value, but performance may be diminished due to contention.
  error: 1 plat 4 at Movement.compute(179): race condition writing to shared resource detected, note that threads will be writing the same value, but performance may be diminished due to contention.
  error: 1 plat 4 at Movement.compute(180): race condition writing to shared resource detected, note that threads will be writing the same value, but performance may be diminished due to contention.
  error: 1 plat 4 at Movement.compute(181): race condition writing to shared resource detected, note that threads will be writing the same value, but performance may be diminished due to contention.
  error: 1 plat 4 at Movement.compute(182): race condition writing to shared resource detected, note that threads will be writing the same value, but performance may be diminished due to contention.
  error: 1 plat 4 at Movement.compute(183): race condition writing to shared resource detected, note that threads will be writing the same value, but performance may be diminished due to contention.
  error: 1 plat 4 at Movement.compute(184): race condition writing to shared resource detected, note that threads will be writing the same value, but performance may be diminished due to contention.
  error: 1 plat 4 at Movement.compute(192): 'getCohVector': implicit truncation of vector type
  error: 1 plat 4 at Movement.compute(193): 'getAlignVector': implicit truncation of vector type
  error: 1 plat 4 at Movement.compute(194): 'getAvoidVector': implicit truncation of vector type
  api=4 insize=8606 outsize=4873 ok=1
Unhandled exception: Protocol error - unexpected end of data (did the Editor crash?)

Quitting shader compiler process
